mode: set
github.com/mornyx/landing-url-server/pkg/genid/genid.go:24.40,26.16 2 1
github.com/mornyx/landing-url-server/pkg/genid/genid.go:29.2,29.34 1 1
github.com/mornyx/landing-url-server/pkg/genid/genid.go:26.16,28.3 1 0
github.com/mornyx/landing-url-server/pkg/genid/genid.go:34.35,36.16 2 1
github.com/mornyx/landing-url-server/pkg/genid/genid.go:39.2,39.10 1 1
github.com/mornyx/landing-url-server/pkg/genid/genid.go:36.16,37.13 1 0
github.com/mornyx/landing-url-server/pkg/genid/genid.go:42.47,44.2 1 1
github.com/mornyx/landing-url-server/db/db.go:21.51,23.16 2 1
github.com/mornyx/landing-url-server/db/db.go:26.2,26.31 1 1
github.com/mornyx/landing-url-server/db/db.go:23.16,25.3 1 0
github.com/mornyx/landing-url-server/db/db.go:33.36,35.2 1 1
github.com/mornyx/landing-url-server/db/db.go:38.50,41.2 2 1
github.com/mornyx/landing-url-server/db/mock.go:16.38,20.2 1 1
github.com/mornyx/landing-url-server/db/mock.go:22.58,23.18 1 1
github.com/mornyx/landing-url-server/db/mock.go:26.2,26.33 1 1
github.com/mornyx/landing-url-server/db/mock.go:32.2,33.12 2 1
github.com/mornyx/landing-url-server/db/mock.go:23.18,25.3 1 0
github.com/mornyx/landing-url-server/db/mock.go:26.33,31.3 1 1
github.com/mornyx/landing-url-server/db/mock.go:36.81,37.18 1 1
github.com/mornyx/landing-url-server/db/mock.go:40.2,40.31 1 1
github.com/mornyx/landing-url-server/db/mock.go:43.2,43.36 1 0
github.com/mornyx/landing-url-server/db/mock.go:37.18,39.3 1 0
github.com/mornyx/landing-url-server/db/mock.go:40.31,42.3 1 1
github.com/mornyx/landing-url-server/db/mock.go:46.40,48.2 1 1
github.com/mornyx/landing-url-server/db/mock.go:53.52,55.2 1 0
github.com/mornyx/landing-url-server/db/short_url.go:14.36,16.2 1 1
github.com/mornyx/landing-url-server/db/short_url.go:26.54,29.2 2 1
github.com/mornyx/landing-url-server/db/short_url.go:31.77,33.68 2 1
github.com/mornyx/landing-url-server/db/short_url.go:36.2,36.16 1 1
github.com/mornyx/landing-url-server/db/short_url.go:33.68,35.3 1 0
github.com/mornyx/landing-url-server/handlers/short.go:15.58,16.30 1 1
github.com/mornyx/landing-url-server/handlers/short.go:16.30,18.20 2 1
github.com/mornyx/landing-url-server/handlers/short.go:22.3,23.17 2 1
github.com/mornyx/landing-url-server/handlers/short.go:32.3,32.35 1 1
github.com/mornyx/landing-url-server/handlers/short.go:18.20,21.4 2 1
github.com/mornyx/landing-url-server/handlers/short.go:23.17,24.37 1 1
github.com/mornyx/landing-url-server/handlers/short.go:28.4,30.10 3 1
github.com/mornyx/landing-url-server/handlers/short.go:24.37,27.5 2 1
github.com/mornyx/landing-url-server/handlers/url.go:16.74,17.30 1 1
github.com/mornyx/landing-url-server/handlers/url.go:17.30,19.16 2 1
github.com/mornyx/landing-url-server/handlers/url.go:23.3,23.38 1 1
github.com/mornyx/landing-url-server/handlers/url.go:37.3,38.59 2 1
github.com/mornyx/landing-url-server/handlers/url.go:19.16,22.4 2 1
github.com/mornyx/landing-url-server/handlers/url.go:23.38,25.85 2 1
github.com/mornyx/landing-url-server/handlers/url.go:34.4,35.10 2 1
github.com/mornyx/landing-url-server/handlers/url.go:25.85,26.44 1 1
github.com/mornyx/landing-url-server/handlers/url.go:30.5,32.11 3 1
github.com/mornyx/landing-url-server/handlers/url.go:26.44,28.14 2 1
